mode: set
github.com/josip/minioproxy/presign/presign.go:34.106,36.22 2 1
github.com/josip/minioproxy/presign/presign.go:36.22,38.3 1 0
github.com/josip/minioproxy/presign/presign.go:40.2,43.19 3 1
github.com/josip/minioproxy/presign/presign.go:43.19,45.3 1 1
github.com/josip/minioproxy/presign/presign.go:47.2,50.25 3 1
github.com/josip/minioproxy/presign/presign.go:50.25,54.3 3 1
github.com/josip/minioproxy/presign/presign.go:56.2,69.38 8 1
github.com/josip/minioproxy/presign/presign.go:69.38,71.3 1 0
github.com/josip/minioproxy/presign/presign.go:73.2,76.22 3 1
github.com/josip/minioproxy/presign/presign.go:76.22,78.3 1 0
github.com/josip/minioproxy/presign/presign.go:79.2,108.85 19 1
github.com/josip/minioproxy/presign/presign.go:111.37,115.2 3 1
github.com/josip/minioproxy/presign/presign.go:117.49,121.2 3 1
github.com/josip/minioproxy/presign/presign.go:123.28,125.2 1 1
github.com/josip/minioproxy/config.go:30.49,32.2 1 0
github.com/josip/minioproxy/config.go:34.35,37.67 2 1
github.com/josip/minioproxy/config.go:37.67,39.3 1 1
github.com/josip/minioproxy/config.go:40.2,40.26 1 1
github.com/josip/minioproxy/config.go:40.26,42.3 1 1
github.com/josip/minioproxy/config.go:42.8,42.56 1 1
github.com/josip/minioproxy/config.go:42.56,44.3 1 0
github.com/josip/minioproxy/config.go:46.2,46.27 1 1
github.com/josip/minioproxy/config.go:46.27,48.3 1 1
github.com/josip/minioproxy/config.go:49.2,49.27 1 1
github.com/josip/minioproxy/config.go:49.27,51.3 1 1
github.com/josip/minioproxy/config.go:52.2,52.28 1 1
github.com/josip/minioproxy/config.go:52.28,54.3 1 1
github.com/josip/minioproxy/config.go:55.2,55.25 1 1
github.com/josip/minioproxy/config.go:55.25,57.3 1 1
github.com/josip/minioproxy/config.go:58.2,58.26 1 1
github.com/josip/minioproxy/config.go:58.26,60.3 1 1
github.com/josip/minioproxy/config.go:61.2,61.38 1 1
github.com/josip/minioproxy/config.go:61.38,63.3 1 1
github.com/josip/minioproxy/config.go:64.2,64.72 1 1
github.com/josip/minioproxy/config.go:64.72,66.3 1 1
github.com/josip/minioproxy/config.go:67.2,67.48 1 1
github.com/josip/minioproxy/config.go:67.48,69.3 1 1
github.com/josip/minioproxy/config.go:71.2,71.29 1 1
github.com/josip/minioproxy/crypto.go:23.30,25.41 2 1
github.com/josip/minioproxy/crypto.go:25.41,27.3 1 0
github.com/josip/minioproxy/crypto.go:28.2,28.16 1 1
github.com/josip/minioproxy/crypto.go:42.78,45.12 2 1
github.com/josip/minioproxy/crypto.go:45.12,47.17 2 1
github.com/josip/minioproxy/crypto.go:47.17,50.4 2 0
github.com/josip/minioproxy/crypto.go:52.3,53.17 2 1
github.com/josip/minioproxy/crypto.go:53.17,56.4 2 1
github.com/josip/minioproxy/crypto.go:58.3,65.7 6 1
github.com/josip/minioproxy/crypto.go:65.7,67.35 2 1
github.com/josip/minioproxy/crypto.go:67.35,70.5 2 1
github.com/josip/minioproxy/crypto.go:72.4,77.21 5 1
github.com/josip/minioproxy/crypto.go:77.21,78.10 1 1
github.com/josip/minioproxy/crypto.go:82.3,85.12 3 1
github.com/josip/minioproxy/crypto.go:88.2,88.10 1 1
github.com/josip/minioproxy/crypto.go:94.106,97.58 2 1
github.com/josip/minioproxy/crypto.go:97.58,99.3 1 0
github.com/josip/minioproxy/crypto.go:101.2,102.16 2 1
github.com/josip/minioproxy/crypto.go:102.16,104.3 1 0
github.com/josip/minioproxy/crypto.go:105.2,110.16 5 1
github.com/josip/minioproxy/crypto.go:110.16,112.3 1 0
github.com/josip/minioproxy/crypto.go:113.2,121.6 6 1
github.com/josip/minioproxy/crypto.go:121.6,123.34 2 1
github.com/josip/minioproxy/crypto.go:123.34,126.4 2 0
github.com/josip/minioproxy/crypto.go:127.3,128.26 2 1
github.com/josip/minioproxy/crypto.go:128.26,134.4 4 1
github.com/josip/minioproxy/crypto.go:137.3,143.63 4 1
github.com/josip/minioproxy/crypto.go:143.63,145.4 1 0
github.com/josip/minioproxy/crypto.go:147.3,147.20 1 1
github.com/josip/minioproxy/crypto.go:147.20,148.9 1 1
github.com/josip/minioproxy/crypto.go:153.2,154.35 2 1
github.com/josip/minioproxy/crypto.go:154.35,159.3 2 1
github.com/josip/minioproxy/crypto.go:162.2,164.62 3 1
github.com/josip/minioproxy/crypto.go:164.62,166.3 1 0
github.com/josip/minioproxy/crypto.go:168.2,168.12 1 1
github.com/josip/minioproxy/handle_get.go:17.28,20.2 2 0
github.com/josip/minioproxy/handle_get.go:22.72,27.43 4 0
github.com/josip/minioproxy/handle_get.go:27.43,28.38 1 0
github.com/josip/minioproxy/handle_get.go:28.38,30.4 1 0
github.com/josip/minioproxy/handle_get.go:30.9,30.48 1 0
github.com/josip/minioproxy/handle_get.go:30.48,32.4 1 0
github.com/josip/minioproxy/handle_get.go:32.9,34.4 1 0
github.com/josip/minioproxy/handle_get.go:35.3,35.9 1 0
github.com/josip/minioproxy/handle_get.go:37.2,45.71 7 0
github.com/josip/minioproxy/handle_get.go:45.71,48.3 2 0
github.com/josip/minioproxy/handle_get.go:51.90,53.2 1 0
github.com/josip/minioproxy/handle_put.go:16.30,19.2 2 0
github.com/josip/minioproxy/handle_put.go:21.76,26.27 4 0
github.com/josip/minioproxy/handle_put.go:26.27,28.3 1 0
github.com/josip/minioproxy/handle_put.go:30.2,38.16 6 0
github.com/josip/minioproxy/handle_put.go:38.16,41.3 2 0
github.com/josip/minioproxy/handle_put.go:43.2,46.4 1 0
github.com/josip/minioproxy/handle_put.go:49.64,51.2 1 0
github.com/josip/minioproxy/http.go:10.70,15.2 3 0
github.com/josip/minioproxy/http.go:17.67,19.2 1 0
github.com/josip/minioproxy/minio_client.go:36.78,46.2 1 1
github.com/josip/minioproxy/minio_client.go:48.76,50.16 2 1
github.com/josip/minioproxy/minio_client.go:50.16,52.3 1 0
github.com/josip/minioproxy/minio_client.go:54.2,54.38 1 1
github.com/josip/minioproxy/minio_client.go:54.38,55.26 1 0
github.com/josip/minioproxy/minio_client.go:56.28,57.31 1 0
github.com/josip/minioproxy/minio_client.go:58.29,59.34 1 0
github.com/josip/minioproxy/minio_client.go:60.11,61.87 1 0
github.com/josip/minioproxy/minio_client.go:65.2,71.8 1 1
github.com/josip/minioproxy/minio_client.go:74.131,76.17 2 1
github.com/josip/minioproxy/minio_client.go:76.17,80.3 1 1
github.com/josip/minioproxy/minio_client.go:82.2,91.25 2 1
github.com/josip/minioproxy/minio_client.go:94.73,95.57 1 1
github.com/josip/minioproxy/minio_client.go:95.57,97.3 1 1
github.com/josip/minioproxy/minio_client.go:99.2,99.79 1 1
github.com/josip/minioproxy/minio_client.go:102.153,104.35 2 1
github.com/josip/minioproxy/minio_client.go:104.35,107.3 2 1
github.com/josip/minioproxy/minio_client.go:108.2,110.16 3 1
github.com/josip/minioproxy/minio_client.go:110.16,112.3 1 0
github.com/josip/minioproxy/minio_client.go:113.2,117.16 4 1
github.com/josip/minioproxy/minio_client.go:117.16,119.3 1 0
github.com/josip/minioproxy/minio_client.go:120.2,123.38 3 1
github.com/josip/minioproxy/minio_client.go:123.38,125.3 1 1
github.com/josip/minioproxy/minio_client.go:127.2,128.16 2 0
github.com/josip/minioproxy/minio_client.go:128.16,130.3 1 0
github.com/josip/minioproxy/minio_client.go:132.2,132.41 1 0
github.com/josip/minioproxy/minio_client_multipart.go:55.65,56.26 1 1
github.com/josip/minioproxy/minio_client_multipart.go:56.26,58.3 1 0
github.com/josip/minioproxy/minio_client_multipart.go:61.2,72.16 6 1
github.com/josip/minioproxy/minio_client_multipart.go:72.16,74.3 1 0
github.com/josip/minioproxy/minio_client_multipart.go:75.2,77.31 2 1
github.com/josip/minioproxy/minio_client_multipart.go:77.31,79.3 1 1
github.com/josip/minioproxy/minio_client_multipart.go:82.2,82.12 1 1
github.com/josip/minioproxy/minio_client_multipart.go:82.12,83.33 1 1
github.com/josip/minioproxy/minio_client_multipart.go:83.33,87.65 3 1
github.com/josip/minioproxy/minio_client_multipart.go:87.65,91.5 3 0
github.com/josip/minioproxy/minio_client_multipart.go:93.4,93.13 1 1
github.com/josip/minioproxy/minio_client_multipart.go:93.13,95.5 1 1
github.com/josip/minioproxy/minio_client_multipart.go:97.4,97.51 1 1
github.com/josip/minioproxy/minio_client_multipart.go:97.51,99.10 2 1
github.com/josip/minioproxy/minio_client_multipart.go:104.2,105.16 2 1
github.com/josip/minioproxy/minio_client_multipart.go:105.16,107.3 1 0
github.com/josip/minioproxy/minio_client_multipart.go:109.2,109.38 1 1
github.com/josip/minioproxy/minio_client_multipart.go:112.54,118.16 5 1
github.com/josip/minioproxy/minio_client_multipart.go:118.16,120.3 1 0
github.com/josip/minioproxy/minio_client_multipart.go:121.2,124.53 4 1
github.com/josip/minioproxy/minio_client_multipart.go:124.53,126.3 1 0
github.com/josip/minioproxy/minio_client_multipart.go:128.2,128.31 1 1
github.com/josip/minioproxy/minio_client_multipart.go:131.93,132.24 1 1
github.com/josip/minioproxy/minio_client_multipart.go:132.24,133.25 1 1
github.com/josip/minioproxy/minio_client_multipart.go:133.25,135.12 2 0
github.com/josip/minioproxy/minio_client_multipart.go:138.3,139.17 2 1
github.com/josip/minioproxy/minio_client_multipart.go:139.17,141.4 1 1
github.com/josip/minioproxy/minio_client_multipart.go:141.9,143.4 1 0
github.com/josip/minioproxy/minio_client_multipart.go:145.3,145.43 1 1
github.com/josip/minioproxy/minio_client_multipart.go:149.82,154.63 4 1
github.com/josip/minioproxy/minio_client_multipart.go:154.63,156.3 1 1
github.com/josip/minioproxy/minio_client_multipart.go:158.2,161.16 3 1
github.com/josip/minioproxy/minio_client_multipart.go:161.16,163.3 1 0
github.com/josip/minioproxy/minio_client_multipart.go:164.2,165.16 2 1
github.com/josip/minioproxy/minio_client_multipart.go:165.16,167.3 1 0
github.com/josip/minioproxy/minio_client_multipart.go:168.2,170.38 2 1
github.com/josip/minioproxy/minio_client_multipart.go:170.38,173.3 2 0
github.com/josip/minioproxy/minio_client_multipart.go:175.2,175.43 1 1
github.com/josip/minioproxy/minio_client_multipart.go:178.101,181.32 2 1
github.com/josip/minioproxy/minio_client_multipart.go:181.32,183.26 2 1
github.com/josip/minioproxy/minio_client_multipart.go:183.26,185.4 1 0
github.com/josip/minioproxy/minio_client_multipart.go:187.3,187.16 1 1
github.com/josip/minioproxy/minio_client_multipart.go:190.2,190.17 1 1
github.com/josip/minioproxy/minioproxy.go:24.36,25.39 1 0
github.com/josip/minioproxy/minioproxy.go:25.39,27.3 1 0
github.com/josip/minioproxy/minioproxy.go:29.2,43.17 5 0
github.com/josip/minioproxy/minioproxy.go:46.40,49.78 2 0
github.com/josip/minioproxy/minioproxy.go:49.78,54.3 4 0
github.com/josip/minioproxy/minioproxy.go:56.2,56.50 1 0
